C:\Program Files (x86)\Microsoft Visual Studio\2019\Community\MSBuild\Microsoft\VC\v160\Microsoft.CppBuild.targets(452,5): warning MSB8028: The intermediate directory (x64\Debug\) contains files shared from another project (Base OpenGL 3.3 Camera.vcxproj).  This can lead to incorrect clean and rebuild behavior.
  glad.c
  main.cpp
D:\Desktop\RoboAssalto04\Base OpenGL 3.3 Camera\shader_s.h(56,35): warning C4101: 'e': variabile locale senza riferimenti
D:\Desktop\RoboAssalto04\Base OpenGL 3.3 Camera\mesh.h(84,1): warning C4267: 'argomento': conversione da 'size_t' a 'GLsizei'. Possibile perdita di dati.
D:\Desktop\RoboAssalto04\Base OpenGL 3.3 Camera\gameMap.h(76,47): warning C4244: 'argomento': conversione da 'int' a 'float'. Possibile perdita di dati.
D:\Desktop\RoboAssalto04\Base OpenGL 3.3 Camera\gameMap.h(76,38): warning C4244: 'argomento': conversione da 'int' a 'float'. Possibile perdita di dati.
D:\Desktop\RoboAssalto04\Base OpenGL 3.3 Camera\gameMap.h(82,47): warning C4244: 'argomento': conversione da 'int' a 'float'. Possibile perdita di dati.
D:\Desktop\RoboAssalto04\Base OpenGL 3.3 Camera\gameMap.h(82,38): warning C4244: 'argomento': conversione da 'int' a 'float'. Possibile perdita di dati.
D:\Desktop\RoboAssalto04\Base OpenGL 3.3 Camera\gameMap.h(88,48): warning C4244: 'argomento': conversione da 'int' a 'float'. Possibile perdita di dati.
D:\Desktop\RoboAssalto04\Base OpenGL 3.3 Camera\gameMap.h(88,39): warning C4244: 'argomento': conversione da 'int' a 'float'. Possibile perdita di dati.
D:\Desktop\RoboAssalto04\Base OpenGL 3.3 Camera\gameMap.h(94,48): warning C4244: 'argomento': conversione da 'int' a 'float'. Possibile perdita di dati.
D:\Desktop\RoboAssalto04\Base OpenGL 3.3 Camera\gameMap.h(94,39): warning C4244: 'argomento': conversione da 'int' a 'float'. Possibile perdita di dati.
D:\Desktop\RoboAssalto04\Base OpenGL 3.3 Camera\gameMap.h(100,48): warning C4244: 'argomento': conversione da 'int' a 'float'. Possibile perdita di dati.
D:\Desktop\RoboAssalto04\Base OpenGL 3.3 Camera\gameMap.h(100,39): warning C4244: 'argomento': conversione da 'int' a 'float'. Possibile perdita di dati.
D:\Desktop\RoboAssalto04\Base OpenGL 3.3 Camera\gameMap.h(106,48): warning C4244: 'argomento': conversione da 'int' a 'float'. Possibile perdita di dati.
D:\Desktop\RoboAssalto04\Base OpenGL 3.3 Camera\gameMap.h(106,39): warning C4244: 'argomento': conversione da 'int' a 'float'. Possibile perdita di dati.
D:\Desktop\RoboAssalto04\Base OpenGL 3.3 Camera\gameMap.h(112,47): warning C4244: 'argomento': conversione da 'int' a 'float'. Possibile perdita di dati.
D:\Desktop\RoboAssalto04\Base OpenGL 3.3 Camera\gameMap.h(112,38): warning C4244: 'argomento': conversione da 'int' a 'float'. Possibile perdita di dati.
D:\Desktop\RoboAssalto04\Base OpenGL 3.3 Camera\gameMap.h(118,47): warning C4244: 'argomento': conversione da 'int' a 'float'. Possibile perdita di dati.
D:\Desktop\RoboAssalto04\Base OpenGL 3.3 Camera\gameMap.h(118,38): warning C4244: 'argomento': conversione da 'int' a 'float'. Possibile perdita di dati.
D:\Desktop\RoboAssalto04\Base OpenGL 3.3 Camera\gameMap.h(124,47): warning C4244: 'argomento': conversione da 'int' a 'float'. Possibile perdita di dati.
D:\Desktop\RoboAssalto04\Base OpenGL 3.3 Camera\gameMap.h(124,38): warning C4244: 'argomento': conversione da 'int' a 'float'. Possibile perdita di dati.
D:\Desktop\RoboAssalto04\Base OpenGL 3.3 Camera\gameMap.h(130,47): warning C4244: 'argomento': conversione da 'int' a 'float'. Possibile perdita di dati.
D:\Desktop\RoboAssalto04\Base OpenGL 3.3 Camera\gameMap.h(130,38): warning C4244: 'argomento': conversione da 'int' a 'float'. Possibile perdita di dati.
D:\Desktop\RoboAssalto04\Base OpenGL 3.3 Camera\gameMap.h(136,47): warning C4244: 'argomento': conversione da 'int' a 'float'. Possibile perdita di dati.
D:\Desktop\RoboAssalto04\Base OpenGL 3.3 Camera\gameMap.h(136,38): warning C4244: 'argomento': conversione da 'int' a 'float'. Possibile perdita di dati.
D:\Desktop\RoboAssalto04\Base OpenGL 3.3 Camera\game.h(4,10): warning C4067: token imprevisti dopo una direttiva per il preprocessore. Previsto un carattere di nuova riga
D:\Desktop\RoboAssalto04\Base OpenGL 3.3 Camera\player.h(140,4): warning C4551: chiamata di funzione senza elenco di argomenti
D:\Desktop\RoboAssalto04\Base OpenGL 3.3 Camera\player.h(159,4): warning C4551: chiamata di funzione senza elenco di argomenti
D:\Desktop\RoboAssalto04\Base OpenGL 3.3 Camera\player.h(178,4): warning C4551: chiamata di funzione senza elenco di argomenti
D:\Desktop\RoboAssalto04\Base OpenGL 3.3 Camera\player.h(197,4): warning C4551: chiamata di funzione senza elenco di argomenti
D:\Desktop\RoboAssalto04\Base OpenGL 3.3 Camera\main.cpp(138,10): warning C4244: 'inizializzazione': conversione da 'double' a 'float'. Possibile perdita di dati.
D:\Desktop\RoboAssalto04\Base OpenGL 3.3 Camera\main.cpp(139,10): warning C4244: 'inizializzazione': conversione da 'double' a 'float'. Possibile perdita di dati.
  LINK : D:\Desktop\RoboAssalto04\x64\Debug\RoboAssalto.exe non trovato o non compilato dall'ultimo collegamento incrementale; verrà eseguito il collegamento completo
  Base OpenGL 3.3 Camera.vcxproj -> D:\Desktop\RoboAssalto04\x64\Debug\RoboAssalto.exe
